
Showing logs for build [32mcb-kubecd-environment-pr-162-13-kgbx5-1[0m stage [32mfrom-build-pack[0m and container [32mstep-credential-initializer-n557h[0m
{"level":"warn","ts":1582017016.376846,"logger":"fallback-logger","caller":"logging/config.go:69","msg":"Fetch GitHub commit ID from kodata failed: \"ref: refs/heads/0.8.0-**-support-backwards-incompats\" is not a valid GitHub commit ID"}
{"level":"info","ts":1582017016.3777015,"logger":"fallback-logger","caller":"creds-init/main.go:40","msg":"Credentials initialized."}

Showing logs for build [32mcb-kubecd-environment-pr-162-13-kgbx5-1[0m stage [32mfrom-build-pack[0m and container [32mstep-working-dir-initializer-2h2v6[0m
{"level":"warn","ts":1582017017.4163384,"logger":"fallback-logger","caller":"logging/config.go:69","msg":"Fetch GitHub commit ID from kodata failed: open /var/run/ko/HEAD: no such file or directory"}
{"level":"info","ts":1582017017.417688,"logger":"fallback-logger","caller":"bash/main.go:64","msg":"Successfully executed command \"sh -c mkdir -p /workspace/source\"; output "}

Showing logs for build [32mcb-kubecd-environment-pr-162-13-kgbx5-1[0m stage [32mfrom-build-pack[0m and container [32mstep-place-tools[0m

Showing logs for build [32mcb-kubecd-environment-pr-162-13-kgbx5-1[0m stage [32mfrom-build-pack[0m and container [32mstep-git-source-cb-kubecd-environment-pr-162-13-kgbx5-pl58q[0m
{"level":"warn","ts":1582017021.4881108,"logger":"fallback-logger","caller":"logging/config.go:69","msg":"Fetch GitHub commit ID from kodata failed: \"ref: refs/heads/0.8.0-**-support-backwards-incompats\" is not a valid GitHub commit ID"}
{"level":"info","ts":1582017022.591535,"logger":"fallback-logger","caller":"git/git.go:103","msg":"Successfully cloned https://github.com/cb-kubecd/environment-pr-162-13-boot-gke-staging.git @ master in path /workspace/source"}

Showing logs for build [32mcb-kubecd-environment-pr-162-13-kgbx5-1[0m stage [32mfrom-build-pack[0m and container [32mstep-git-merge[0m
Using SHAs from PULL_REFS=master:8c7881e2cbd36bc941a1e3195fa0e4af38bfa76f,4:155b8e9ab1100972111e608da4dbe39ca5b827eb
DEBUG: LC_ALL=C JX_LOG_LEVEL=error git fetch origin --unshallow 155b8e9ab1100972111e608da4dbe39ca5b827eb: 8c7881e2cbd36bc941a1e3195fa0e4af38bfa76f:
DEBUG: ran git fetch --unshallow origin 155b8e9ab1100972111e608da4dbe39ca5b827eb: 8c7881e2cbd36bc941a1e3195fa0e4af38bfa76f: in 
DEBUG: JX_LOG_LEVEL=error LC_ALL=C git branch
DEBUG: LC_ALL=C JX_LOG_LEVEL=error git checkout master
DEBUG: ran git checkout master in 
DEBUG: JX_LOG_LEVEL=error LC_ALL=C git reset --hard 8c7881e2cbd36bc941a1e3195fa0e4af38bfa76f
DEBUG: ran git reset --hard 8c7881e2cbd36bc941a1e3195fa0e4af38bfa76f in 
DEBUG: LC_ALL=C JX_LOG_LEVEL=error git clean -fd .
DEBUG: ran clean --force -d . in 
DEBUG: JX_LOG_LEVEL=error LC_ALL=C git merge 155b8e9ab1100972111e608da4dbe39ca5b827eb
DEBUG: ran git merge 155b8e9ab1100972111e608da4dbe39ca5b827eb in 
DEBUG: LC_ALL=C JX_LOG_LEVEL=error git log --format=%H%x1f%an%x1f%ae%x1f%cn%x1f%ce%x1f%s%n%b%x1e 8c7881e2cbd36bc941a1e3195fa0e4af38bfa76f..HEAD
Merged SHA 155b8e9ab1100972111e608da4dbe39ca5b827eb with commit message 'chore: Promote bdd-sbhg-1582015429 to version 0.0.1' into base branch master

Showing logs for build [32mcb-kubecd-environment-pr-162-13-kgbx5-1[0m stage [32mfrom-build-pack[0m and container [32mstep-build-helm-build[0m
WARNING: No $CHART_REPOSITORY defined so using the default value of: http://jenkins-x-chartmuseum:8080
Adding missing Helm repo: storage.googleapis.com https://storage.googleapis.com/chartmuseum.jenkins-x.io
WARNING: No secrets found on "helm/repos" due: reading the secret "helm/repos" from vault: no secret "helm/repos" not found in vault
Read credentials for https://storage.googleapis.com/chartmuseum.jenkins-x.io from vault helm/repos
Successfully added Helm repository storage.googleapis.com.
Adding missing Helm repo: jenkins-x-chartmuseum http://jenkins-x-chartmuseum:8080
WARNING: No secrets found on "helm/repos" due: reading the secret "helm/repos" from vault: no secret "helm/repos" not found in vault
Read credentials for http://jenkins-x-chartmuseum:8080 from vault helm/repos
Successfully added Helm repository jenkins-x-chartmuseum.
WARNING: No $CHART_REPOSITORY defined so using the default value of: http://jenkins-x-chartmuseum:8080
Adding missing Helm repo: chartmuseum.jenkins-x.io http://chartmuseum.jenkins-x.io
WARNING: No secrets found on "helm/repos" due: reading the secret "helm/repos" from vault: no secret "helm/repos" not found in vault
Read credentials for http://chartmuseum.jenkins-x.io from vault helm/repos
Successfully added Helm repository chartmuseum.jenkins-x.io.
