
Showing logs for build [32mcb-kubecd-environment-pr-162-13-q642l-1[0m stage [32mfrom-build-pack[0m and container [32mstep-credential-initializer-94c7c[0m
{"level":"warn","ts":1582016289.6067588,"logger":"fallback-logger","caller":"logging/config.go:69","msg":"Fetch GitHub commit ID from kodata failed: \"ref: refs/heads/0.8.0-**-support-backwards-incompats\" is not a valid GitHub commit ID"}
{"level":"info","ts":1582016289.6074646,"logger":"fallback-logger","caller":"creds-init/main.go:40","msg":"Credentials initialized."}

Showing logs for build [32mcb-kubecd-environment-pr-162-13-q642l-1[0m stage [32mfrom-build-pack[0m and container [32mstep-working-dir-initializer-zwfxn[0m
{"level":"warn","ts":1582016290.9601018,"logger":"fallback-logger","caller":"logging/config.go:69","msg":"Fetch GitHub commit ID from kodata failed: open /var/run/ko/HEAD: no such file or directory"}
{"level":"info","ts":1582016290.9617767,"logger":"fallback-logger","caller":"bash/main.go:64","msg":"Successfully executed command \"sh -c mkdir -p /workspace/source\"; output "}

Showing logs for build [32mcb-kubecd-environment-pr-162-13-q642l-1[0m stage [32mfrom-build-pack[0m and container [32mstep-place-tools[0m

Showing logs for build [32mcb-kubecd-environment-pr-162-13-q642l-1[0m stage [32mfrom-build-pack[0m and container [32mstep-git-source-cb-kubecd-environment-pr-162-13-q642l-ff4xk[0m
{"level":"warn","ts":1582016294.9085,"logger":"fallback-logger","caller":"logging/config.go:69","msg":"Fetch GitHub commit ID from kodata failed: \"ref: refs/heads/0.8.0-**-support-backwards-incompats\" is not a valid GitHub commit ID"}
{"level":"info","ts":1582016296.050575,"logger":"fallback-logger","caller":"git/git.go:103","msg":"Successfully cloned https://github.com/cb-kubecd/environment-pr-162-13-boot-gke-staging.git @ master in path /workspace/source"}

Showing logs for build [32mcb-kubecd-environment-pr-162-13-q642l-1[0m stage [32mfrom-build-pack[0m and container [32mstep-git-merge[0m
Using SHAs from PULL_REFS=master:fb817fdb50d574661fe923c3919bd695f35f8d9f,3:3403f2038956c0c056bff1ad007383fa526a1a5a
DEBUG: LC_ALL=C JX_LOG_LEVEL=error git fetch origin --unshallow 3403f2038956c0c056bff1ad007383fa526a1a5a: fb817fdb50d574661fe923c3919bd695f35f8d9f:
DEBUG: ran git fetch --unshallow origin 3403f2038956c0c056bff1ad007383fa526a1a5a: fb817fdb50d574661fe923c3919bd695f35f8d9f: in 
DEBUG: LC_ALL=C JX_LOG_LEVEL=error git branch
DEBUG: LC_ALL=C JX_LOG_LEVEL=error git checkout master
DEBUG: ran git checkout master in 
DEBUG: LC_ALL=C JX_LOG_LEVEL=error git reset --hard fb817fdb50d574661fe923c3919bd695f35f8d9f
DEBUG: ran git reset --hard fb817fdb50d574661fe923c3919bd695f35f8d9f in 
DEBUG: LC_ALL=C JX_LOG_LEVEL=error git clean -fd .
DEBUG: ran clean --force -d . in 
DEBUG: JX_LOG_LEVEL=error LC_ALL=C git merge 3403f2038956c0c056bff1ad007383fa526a1a5a
DEBUG: ran git merge 3403f2038956c0c056bff1ad007383fa526a1a5a in 
DEBUG: JX_LOG_LEVEL=error LC_ALL=C git log --format=%H%x1f%an%x1f%ae%x1f%cn%x1f%ce%x1f%s%n%b%x1e fb817fdb50d574661fe923c3919bd695f35f8d9f..HEAD
Merged SHA 3403f2038956c0c056bff1ad007383fa526a1a5a with commit message 'chore: Promote bdd-nh-1582015429 to version 0.0.1' into base branch master

Showing logs for build [32mcb-kubecd-environment-pr-162-13-q642l-1[0m stage [32mfrom-build-pack[0m and container [32mstep-build-helm-build[0m
WARNING: No $CHART_REPOSITORY defined so using the default value of: http://jenkins-x-chartmuseum:8080
Adding missing Helm repo: storage.googleapis.com https://storage.googleapis.com/chartmuseum.jenkins-x.io
WARNING: No secrets found on "helm/repos" due: reading the secret "helm/repos" from vault: no secret "helm/repos" not found in vault
Read credentials for https://storage.googleapis.com/chartmuseum.jenkins-x.io from vault helm/repos
Successfully added Helm repository storage.googleapis.com.
Adding missing Helm repo: jenkins-x-chartmuseum http://jenkins-x-chartmuseum:8080
WARNING: No secrets found on "helm/repos" due: reading the secret "helm/repos" from vault: no secret "helm/repos" not found in vault
Read credentials for http://jenkins-x-chartmuseum:8080 from vault helm/repos
Successfully added Helm repository jenkins-x-chartmuseum.
WARNING: No $CHART_REPOSITORY defined so using the default value of: http://jenkins-x-chartmuseum:8080
Adding missing Helm repo: chartmuseum.jenkins-x.io http://chartmuseum.jenkins-x.io
WARNING: No secrets found on "helm/repos" due: reading the secret "helm/repos" from vault: no secret "helm/repos" not found in vault
Read credentials for http://chartmuseum.jenkins-x.io from vault helm/repos
Successfully added Helm repository chartmuseum.jenkins-x.io.
