
Showing logs for build [32mcb-kubecd-environment-pr-162-13-88mwh-1[0m stage [32mfrom-build-pack[0m and container [32mstep-credential-initializer-ptdqk[0m
{"level":"warn","ts":1582014647.3131344,"logger":"fallback-logger","caller":"logging/config.go:69","msg":"Fetch GitHub commit ID from kodata failed: \"ref: refs/heads/0.8.0-**-support-backwards-incompats\" is not a valid GitHub commit ID"}
{"level":"info","ts":1582014647.3136563,"logger":"fallback-logger","caller":"creds-init/main.go:40","msg":"Credentials initialized."}

Showing logs for build [32mcb-kubecd-environment-pr-162-13-88mwh-1[0m stage [32mfrom-build-pack[0m and container [32mstep-working-dir-initializer-4ctkt[0m
{"level":"warn","ts":1582014648.240224,"logger":"fallback-logger","caller":"logging/config.go:69","msg":"Fetch GitHub commit ID from kodata failed: open /var/run/ko/HEAD: no such file or directory"}
{"level":"info","ts":1582014648.2437832,"logger":"fallback-logger","caller":"bash/main.go:64","msg":"Successfully executed command \"sh -c mkdir -p /workspace/source\"; output "}

Showing logs for build [32mcb-kubecd-environment-pr-162-13-88mwh-1[0m stage [32mfrom-build-pack[0m and container [32mstep-place-tools[0m

Showing logs for build [32mcb-kubecd-environment-pr-162-13-88mwh-1[0m stage [32mfrom-build-pack[0m and container [32mstep-git-source-cb-kubecd-environment-pr-162-13-88mwh-g4lsk[0m
{"level":"warn","ts":1582014653.3260612,"logger":"fallback-logger","caller":"logging/config.go:69","msg":"Fetch GitHub commit ID from kodata failed: \"ref: refs/heads/0.8.0-**-support-backwards-incompats\" is not a valid GitHub commit ID"}
{"level":"info","ts":1582014654.5166006,"logger":"fallback-logger","caller":"git/git.go:103","msg":"Successfully cloned https://github.com/cb-kubecd/environment-pr-162-13-boot-gke-staging.git @ master in path /workspace/source"}

Showing logs for build [32mcb-kubecd-environment-pr-162-13-88mwh-1[0m stage [32mfrom-build-pack[0m and container [32mstep-git-merge[0m
Using SHAs from PULL_REFS=master:b1cdc61936f7e5f1eec4fb24a6370c61762eca43,1:0ca89bec1abbffffe9bcbc3324a89b3117bffae3
DEBUG: LC_ALL=C JX_LOG_LEVEL=error git fetch origin --unshallow 0ca89bec1abbffffe9bcbc3324a89b3117bffae3: b1cdc61936f7e5f1eec4fb24a6370c61762eca43:
DEBUG: ran git fetch --unshallow origin 0ca89bec1abbffffe9bcbc3324a89b3117bffae3: b1cdc61936f7e5f1eec4fb24a6370c61762eca43: in 
DEBUG: LC_ALL=C JX_LOG_LEVEL=error git branch
DEBUG: LC_ALL=C JX_LOG_LEVEL=error git checkout master
DEBUG: ran git checkout master in 
DEBUG: LC_ALL=C JX_LOG_LEVEL=error git reset --hard b1cdc61936f7e5f1eec4fb24a6370c61762eca43
DEBUG: ran git reset --hard b1cdc61936f7e5f1eec4fb24a6370c61762eca43 in 
DEBUG: JX_LOG_LEVEL=error LC_ALL=C git clean -fd .
DEBUG: ran clean --force -d . in 
DEBUG: LC_ALL=C JX_LOG_LEVEL=error git merge 0ca89bec1abbffffe9bcbc3324a89b3117bffae3
DEBUG: ran git merge 0ca89bec1abbffffe9bcbc3324a89b3117bffae3 in 
DEBUG: JX_LOG_LEVEL=error LC_ALL=C git log --format=%H%x1f%an%x1f%ae%x1f%cn%x1f%ce%x1f%s%n%b%x1e b1cdc61936f7e5f1eec4fb24a6370c61762eca43..HEAD
Merged SHA 0ca89bec1abbffffe9bcbc3324a89b3117bffae3 with commit message 'chore: Promote bdd-spring-1582014261 to version 0.0.1' into base branch master

Showing logs for build [32mcb-kubecd-environment-pr-162-13-88mwh-1[0m stage [32mfrom-build-pack[0m and container [32mstep-build-helm-build[0m
WARNING: No $CHART_REPOSITORY defined so using the default value of: http://jenkins-x-chartmuseum:8080
Adding missing Helm repo: storage.googleapis.com https://storage.googleapis.com/chartmuseum.jenkins-x.io
WARNING: No secrets found on "helm/repos" due: reading the secret "helm/repos" from vault: no secret "helm/repos" not found in vault
Read credentials for https://storage.googleapis.com/chartmuseum.jenkins-x.io from vault helm/repos
Successfully added Helm repository storage.googleapis.com.
Adding missing Helm repo: jenkins-x-chartmuseum http://jenkins-x-chartmuseum:8080
WARNING: No secrets found on "helm/repos" due: reading the secret "helm/repos" from vault: no secret "helm/repos" not found in vault
Read credentials for http://jenkins-x-chartmuseum:8080 from vault helm/repos
Successfully added Helm repository jenkins-x-chartmuseum.
WARNING: No $CHART_REPOSITORY defined so using the default value of: http://jenkins-x-chartmuseum:8080
Adding missing Helm repo: chartmuseum.jenkins-x.io http://chartmuseum.jenkins-x.io
WARNING: No secrets found on "helm/repos" due: reading the secret "helm/repos" from vault: no secret "helm/repos" not found in vault
Read credentials for http://chartmuseum.jenkins-x.io from vault helm/repos
Successfully added Helm repository chartmuseum.jenkins-x.io.
